[2025-12-01 00:25:29] [INFO] NAS Trainer initialized on device: cuda
[2025-12-01 00:25:29] [INFO] Controller parameters: 6,184
[2025-12-01 00:25:29] [INFO] ======================================================================
[2025-12-01 00:25:29] [INFO] STARTING NEURAL ARCHITECTURE SEARCH
[2025-12-01 00:25:29] [INFO] ======================================================================
[2025-12-01 00:25:29] [INFO] 
[2025-12-01 00:25:29] [STEP] SEARCH CONFIGURATION:
[2025-12-01 00:25:29] [INFO]   • Total episodes: 10
[2025-12-01 00:25:29] [INFO]   • Architectures per episode: 3
[2025-12-01 00:25:29] [INFO]   • Total architectures to evaluate: 30
[2025-12-01 00:25:29] [INFO]   • Compute device: cuda
[2025-12-01 00:25:29] [INFO]   • Checkpoint frequency: every 5 episodes
[2025-12-01 00:25:29] [INFO]   • Layers per architecture: 6
[2025-12-01 00:25:29] [INFO]   • Training epochs per child: 10
[2025-12-01 00:25:29] [INFO] 
[2025-12-01 00:25:29] [STEP] PROCESS OVERVIEW:
[2025-12-01 00:25:29] [INFO]   1. Controller (LSTM) generates architecture DNA
[2025-12-01 00:25:29] [INFO]   2. DNA is decoded into a CNN architecture
[2025-12-01 00:25:29] [INFO]   3. Child Network is trained on CIFAR-10
[2025-12-01 00:25:29] [INFO]   4. Validation accuracy becomes the reward
[2025-12-01 00:25:29] [INFO]   5. Controller is updated with REINFORCE
[2025-12-01 00:25:29] [INFO] ======================================================================
[2025-12-01 00:25:29] [INFO] 
[2025-12-01 00:25:29] [STEP] ━━━ EPISODE 1/10 ━━━
[2025-12-01 00:25:29] [INFO] Current depth: 6 layers
[2025-12-01 00:25:29] [INFO] Generating and evaluating 3 architectures...
[2025-12-01 00:25:29] [INFO] 
[2025-12-01 00:25:29] [TRAINING] → Evaluating architecture 1/3
[2025-12-01 00:25:29] [INFO] DNA: [4, 5, 9, 14, 3, 5, 3, 5, 7, 1, 22, 5, 1, 3, 1, 8, 16, 7, 4, 1, 2, 4, 6, 6]
[2025-12-01 00:25:29] [ARCHITECTURE] Child ep1_child1 - Architecture built: 69,730 parameters, 6 conv layers, 0.27 MB
